[debug] [2021-10-28T14:21:30.169Z] ----------------------------------------------------------------------
[debug] [2021-10-28T14:21:30.171Z] Command:       C:\Program Files\nodejs\node.exe C:\Users\DCL\AppData\Roaming\npm\node_modules\firebase-tools\lib\bin\firebase.js init
[debug] [2021-10-28T14:21:30.171Z] CLI Version:   9.21.0
[debug] [2021-10-28T14:21:30.171Z] Platform:      win32
[debug] [2021-10-28T14:21:30.171Z] Node Version:  v14.18.1
[debug] [2021-10-28T14:21:30.172Z] Time:          Thu Oct 28 2021 20:21:30 GMT+0600 (Bangladesh Standard Time)
[debug] [2021-10-28T14:21:30.172Z] ----------------------------------------------------------------------
[debug] 
[debug] [2021-10-28T14:21:30.180Z] > command requires scopes: ["email","openid","https://www.googleapis.com/auth/cloudplatformprojects.readonly","https://www.googleapis.com/auth/firebase","https://www.googleapis.com/auth/cloud-platform"]
[debug] [2021-10-28T14:21:30.180Z] > authorizing via signed-in user (amumin628@gmail.com)
[info] 
     ######## #### ########  ######## ########     ###     ######  ########
     ##        ##  ##     ## ##       ##     ##  ##   ##  ##       ##
     ######    ##  ########  ######   ########  #########  ######  ######
     ##        ##  ##    ##  ##       ##     ## ##     ##       ## ##
     ##       #### ##     ## ######## ########  ##     ##  ######  ########

You're about to initialize a Firebase project in this directory:

  C:\Project\Genius-Car-Mechanics-module-61

Before we get started, keep in mind:

  * You are currently outside your home directory

